<?xml version="1.0" encoding="UTF-8"?>
<testng-results ignored="0" total="1" passed="1" failed="0" skipped="0">
  <reporter-output>
    <line>
      <![CDATA[We used Google Chrome Ver 80 for this test]]>
    </line>
    <line>
      <![CDATA[Selected the value as country_inputfrom the drop down]]>
    </line>
    <line>
      <![CDATA[User is able to click the button]]>
    </line>
    <line>
      <![CDATA[Mouse hover performed on the elementShop_Lbl]]>
    </line>
    <line>
      <![CDATA[User is able to click the button]]>
    </line>
    <line>
      <![CDATA[User is able to add 3 items to the Cart page by clicking the selected items]]>
    </line>
    <line>
      <![CDATA[User is able to click the button]]>
    </line>
    <line>
      <![CDATA[User is able to click the button]]>
    </line>
    <line>
      <![CDATA[The text is - Don't forget to add your free item!
Buy 3 Get 1 Free for Colors, Glitters, Designs and French]]>
    </line>
    <line>
      <![CDATA[User is able to click the button]]>
    </line>
    <line>
      <![CDATA[User is able to click the button]]>
    </line>
    <line>
      <![CDATA[User is able to enter the 07512 to the text box]]>
    </line>
    <line>
      <![CDATA[User is able to click the button]]>
    </line>
    <line>
      <![CDATA[User is able to click the button]]>
    </line>
    <line>
      <![CDATA[User is able to enter the James to the text box]]>
    </line>
    <line>
      <![CDATA[User is able to enter the Smith to the text box]]>
    </line>
    <line>
      <![CDATA[User is able to enter the street NY to the text box]]>
    </line>
    <line>
      <![CDATA[User is able to enter the street LA to the text box]]>
    </line>
    <line>
      <![CDATA[User is able to enter the Delaware to the text box]]>
    </line>
    <line>
      <![CDATA[Selected the value as province_inputfrom the drop down]]>
    </line>
    <line>
      <![CDATA[User is able to enter the 07512 to the text box]]>
    </line>
    <line>
      <![CDATA[User is able to enter the jamessmith@test.com to the text box]]>
    </line>
    <line>
      <![CDATA[User is able to enter the 1234567890 to the text box]]>
    </line>
    <line>
      <![CDATA[User is able to click the button]]>
    </line>
    <line>
      <![CDATA[User is able to click the button]]>
    </line>
    <line>
      <![CDATA[Browser is closed]]>
    </line>
  </reporter-output>
  <suite started-at="2022-09-12T21:57:01 IST" name="Default suite" finished-at="2022-09-12T22:00:33 IST" duration-ms="211444">
    <groups>
    </groups>
    <test started-at="2022-09-12T21:57:01 IST" name="Default test" finished-at="2022-09-12T22:00:33 IST" duration-ms="211444">
      <class name="com.automation_cs.TestDriver">
        <test-method is-config="true" signature="InitScript()[pri:0, instance:com.automation_cs.TestDriver@55634720]" started-at="2022-09-12T21:57:01 IST" name="InitScript" finished-at="2022-09-12T21:57:28 IST" duration-ms="26628" status="PASS">
          <reporter-output>
            <line>
              <![CDATA[We used Google Chrome Ver 80 for this test]]>
            </line>
          </reporter-output>
        </test-method> <!-- InitScript -->
        <test-method signature="test()[pri:0, instance:com.automation_cs.TestDriver@55634720]" started-at="2022-09-12T21:57:28 IST" name="test" finished-at="2022-09-12T22:00:33 IST" duration-ms="184376" status="PASS">
          <reporter-output>
            <line>
              <![CDATA[Selected the value as country_inputfrom the drop down]]>
            </line>
            <line>
              <![CDATA[User is able to click the button]]>
            </line>
            <line>
              <![CDATA[Mouse hover performed on the elementShop_Lbl]]>
            </line>
            <line>
              <![CDATA[User is able to click the button]]>
            </line>
            <line>
              <![CDATA[User is able to add 3 items to the Cart page by clicking the selected items]]>
            </line>
            <line>
              <![CDATA[User is able to click the button]]>
            </line>
            <line>
              <![CDATA[User is able to click the button]]>
            </line>
            <line>
              <![CDATA[The text is - Don't forget to add your free item!
Buy 3 Get 1 Free for Colors, Glitters, Designs and French]]>
            </line>
            <line>
              <![CDATA[User is able to click the button]]>
            </line>
            <line>
              <![CDATA[User is able to click the button]]>
            </line>
            <line>
              <![CDATA[User is able to enter the 07512 to the text box]]>
            </line>
            <line>
              <![CDATA[User is able to click the button]]>
            </line>
            <line>
              <![CDATA[User is able to click the button]]>
            </line>
            <line>
              <![CDATA[User is able to enter the James to the text box]]>
            </line>
            <line>
              <![CDATA[User is able to enter the Smith to the text box]]>
            </line>
            <line>
              <![CDATA[User is able to enter the street NY to the text box]]>
            </line>
            <line>
              <![CDATA[User is able to enter the street LA to the text box]]>
            </line>
            <line>
              <![CDATA[User is able to enter the Delaware to the text box]]>
            </line>
            <line>
              <![CDATA[Selected the value as province_inputfrom the drop down]]>
            </line>
            <line>
              <![CDATA[User is able to enter the 07512 to the text box]]>
            </line>
            <line>
              <![CDATA[User is able to enter the jamessmith@test.com to the text box]]>
            </line>
            <line>
              <![CDATA[User is able to enter the 1234567890 to the text box]]>
            </line>
            <line>
              <![CDATA[User is able to click the button]]>
            </line>
            <line>
              <![CDATA[User is able to click the button]]>
            </line>
          </reporter-output>
        </test-method> <!-- test -->
        <test-method is-config="true" signature="tearDown()[pri:0, instance:com.automation_cs.TestDriver@55634720]" started-at="2022-09-12T22:00:33 IST" name="tearDown" finished-at="2022-09-12T22:00:33 IST" duration-ms="401" status="PASS">
          <reporter-output>
            <line>
              <![CDATA[Browser is closed]]>
            </line>
          </reporter-output>
        </test-method> <!-- tearDown -->
      </class> <!-- com.automation_cs.TestDriver -->
    </test> <!-- Default test -->
  </suite> <!-- Default suite -->
</testng-results>
